<?xml version="1.0" encoding="UTF-8"?>
<testsuite xmlns:xsi="http://www.w3.org/2001/XMLSchema-instance" xsi:noNamespaceSchemaLocation="https://maven.apache.org/surefire/maven-surefire-plugin/xsd/surefire-test-report.xsd" name="com.epam.rd.autotasks.ThreadUnionTest" time="0.236" tests="8" errors="0" skipped="0" failures="0">
  <properties>
[...]
</properties>
  <testcase name="testThreadName{int}[1]" classname="com.epam.rd.autotasks.ThreadUnionTest" time="0.087"/>
  <testcase name="testThreadName{int}[2]" classname="com.epam.rd.autotasks.ThreadUnionTest" time="0.003"/>
  <testcase name="testThreadName{int}[3]" classname="com.epam.rd.autotasks.ThreadUnionTest" time="0.003"/>
  <testcase name="testShutdown" classname="com.epam.rd.autotasks.ThreadUnionTest" time="0.029"/>
  <testcase name="testResults" classname="com.epam.rd.autotasks.ThreadUnionTest" time="0.025"/>
  <testcase name="testThreadGenAndCount{int}[1]" classname="com.epam.rd.autotasks.ThreadUnionTest" time="0.008"/>
  <testcase name="testThreadGenAndCount{int}[2]" classname="com.epam.rd.autotasks.ThreadUnionTest" time="0.005"/>
  <testcase name="testThreadGenAndCount{int}[3]" classname="com.epam.rd.autotasks.ThreadUnionTest" time="0.011"/>
</testsuite>